{"meta": {"format": 2, "version": "7.5.1", "timestamp": "2024-05-13T21:55:30.620827", "branch_coverage": false, "show_contexts": false}, "files": {"product.py": {"executed_lines": [1, 2, 3, 4, 5, 6, 8, 9, 10, 12, 14, 15, 17, 19, 20, 21, 23, 25, 27, 28, 29, 30, 31, 32, 33, 35, 37, 38, 39, 41, 43, 44, 46, 48, 49, 50, 52, 54, 55, 56, 57, 58, 60], "summary": {"covered_lines": 43, "num_statements": 43, "percent_covered": 100.0, "percent_covered_display": "100", "missing_lines": 0, "excluded_lines": 0}, "missing_lines": [], "excluded_lines": []}, "test_product.py": {"executed_lines": [1, 2, 3, 5, 6, 8, 9, 11, 13, 15, 16, 18, 20, 22, 23, 25, 27, 29, 30, 31, 32, 34, 36, 38, 39, 40, 41, 43, 45, 47, 48, 50, 52, 54, 55, 57, 59, 61, 62, 64, 66, 68, 69, 71, 73, 75, 76, 78, 80, 81, 83, 84, 86, 87, 89, 91, 92, 94, 96, 98, 99, 100, 102, 104, 106, 107, 108, 110, 112, 114, 115, 116, 117, 118, 120, 122, 124, 125, 126, 127, 128, 130, 135], "summary": {"covered_lines": 83, "num_statements": 83, "percent_covered": 100.0, "percent_covered_display": "100", "missing_lines": 0, "excluded_lines": 0}, "missing_lines": [], "excluded_lines": []}}, "totals": {"covered_lines": 126, "num_statements": 126, "percent_covered": 100.0, "percent_covered_display": "100", "missing_lines": 0, "excluded_lines": 0}}